{"/home/daivison/DRIVEN/modulo6/projeto-cardapio-virtual/back-end/src/app.ts": {"path":"/home/daivison/DRIVEN/modulo6/projeto-cardapio-virtual/back-end/src/app.ts","statementMap":{"0":{"start":{"line":1,"column":0},"end":{"line":1,"column":26}},"1":{"start":{"line":2,"column":0},"end":{"line":2,"column":43}},"2":{"start":{"line":3,"column":0},"end":{"line":3,"column":24}},"3":{"start":{"line":5,"column":0},"end":{"line":5,"column":60}},"4":{"start":{"line":6,"column":0},"end":{"line":6,"column":10}},"5":{"start":{"line":8,"column":0},"end":{"line":8,"column":null}},"6":{"start":{"line":12,"column":0},"end":{"line":12,"column":58}},"7":{"start":{"line":13,"column":0},"end":{"line":13,"column":61}},"8":{"start":{"line":15,"column":12},"end":{"line":15,"column":21}},"9":{"start":{"line":16,"column":0},"end":{"line":23,"column":null}},"10":{"start":{"line":19,"column":33},"end":{"line":19,"column":48}},"11":{"start":{"line":26,"column":2},"end":{"line":26,"column":14}},"12":{"start":{"line":27,"column":2},"end":{"line":27,"column":30}},"13":{"start":{"line":25,"column":0},"end":{"line":25,"column":16}},"14":{"start":{"line":31,"column":2},"end":{"line":31,"column":23}},"15":{"start":{"line":30,"column":0},"end":{"line":30,"column":7}},"16":{"start":{"line":34,"column":0},"end":{"line":34,"column":19}}},"fnMap":{"0":{"name":"(anonymous_1)","decl":{"start":{"line":19,"column":18},"end":{"line":19,"column":19}},"loc":{"start":{"line":19,"column":33},"end":{"line":19,"column":48}}},"1":{"name":"init","decl":{"start":{"line":25,"column":16},"end":{"line":25,"column":20}},"loc":{"start":{"line":25,"column":20},"end":{"line":28,"column":1}}},"2":{"name":"close","decl":{"start":{"line":30,"column":22},"end":{"line":30,"column":27}},"loc":{"start":{"line":30,"column":27},"end":{"line":32,"column":1}}}},"branchMap":{},"s":{"0":4,"1":4,"2":4,"3":4,"4":4,"5":4,"6":4,"7":4,"8":4,"9":4,"10":0,"11":4,"12":4,"13":4,"14":0,"15":4,"16":4},"f":{"0":0,"1":4,"2":0},"b":{}}
,"/home/daivison/DRIVEN/modulo6/projeto-cardapio-virtual/back-end/src/config/database.ts": {"path":"/home/daivison/DRIVEN/modulo6/projeto-cardapio-virtual/back-end/src/config/database.ts","statementMap":{"0":{"start":{"line":1,"column":0},"end":{"line":1,"column":46}},"1":{"start":{"line":5,"column":2},"end":{"line":5,"column":30}},"2":{"start":{"line":4,"column":0},"end":{"line":4,"column":16}},"3":{"start":{"line":9,"column":2},"end":{"line":9,"column":30}},"4":{"start":{"line":8,"column":0},"end":{"line":8,"column":7}}},"fnMap":{"0":{"name":"connectDb","decl":{"start":{"line":4,"column":16},"end":{"line":4,"column":25}},"loc":{"start":{"line":4,"column":25},"end":{"line":6,"column":1}}},"1":{"name":"disconnectDB","decl":{"start":{"line":8,"column":22},"end":{"line":8,"column":34}},"loc":{"start":{"line":8,"column":34},"end":{"line":10,"column":1}}}},"branchMap":{},"s":{"0":4,"1":4,"2":4,"3":0,"4":4},"f":{"0":4,"1":0},"b":{}}
,"/home/daivison/DRIVEN/modulo6/projeto-cardapio-virtual/back-end/src/config/envs.ts": {"path":"/home/daivison/DRIVEN/modulo6/projeto-cardapio-virtual/back-end/src/config/envs.ts","statementMap":{"0":{"start":{"line":1,"column":0},"end":{"line":1,"column":28}},"1":{"start":{"line":2,"column":0},"end":{"line":2,"column":41}},"2":{"start":{"line":5,"column":13},"end":{"line":5,"column":19}},"3":{"start":{"line":6,"column":2},"end":{"line":8,"column":null}},"4":{"start":{"line":7,"column":4},"end":{"line":7,"column":23}},"5":{"start":{"line":10,"column":22},"end":{"line":10,"column":45}},"6":{"start":{"line":11,"column":2},"end":{"line":11,"column":35}},"7":{"start":{"line":4,"column":0},"end":{"line":4,"column":16}}},"fnMap":{"0":{"name":"loadEnv","decl":{"start":{"line":4,"column":16},"end":{"line":4,"column":23}},"loc":{"start":{"line":4,"column":23},"end":{"line":12,"column":1}}}},"branchMap":{"0":{"loc":{"start":{"line":6,"column":2},"end":{"line":8,"column":null}},"type":"if","locations":[{"start":{"line":6,"column":2},"end":{"line":8,"column":null}}]}},"s":{"0":4,"1":4,"2":4,"3":4,"4":4,"5":4,"6":4,"7":4},"f":{"0":4},"b":{"0":[4]}}
,"/home/daivison/DRIVEN/modulo6/projeto-cardapio-virtual/back-end/src/config/index.ts": {"path":"/home/daivison/DRIVEN/modulo6/projeto-cardapio-virtual/back-end/src/config/index.ts","statementMap":{"0":{"start":{"line":1,"column":0},"end":{"line":1,"column":23}},"1":{"start":{"line":2,"column":0},"end":{"line":2,"column":27}}},"fnMap":{},"branchMap":{},"s":{"0":4,"1":4},"f":{},"b":{}}
,"/home/daivison/DRIVEN/modulo6/projeto-cardapio-virtual/back-end/src/controllers/categories-controller.ts": {"path":"/home/daivison/DRIVEN/modulo6/projeto-cardapio-virtual/back-end/src/controllers/categories-controller.ts","statementMap":{"0":{"start":{"line":1,"column":0},"end":{"line":1,"column":62}},"1":{"start":{"line":3,"column":0},"end":{"line":3,"column":37}},"2":{"start":{"line":6,"column":4},"end":{"line":13,"column":null}},"3":{"start":{"line":7,"column":28},"end":{"line":7,"column":67}},"4":{"start":{"line":9,"column":6},"end":{"line":9,"column":59}},"5":{"start":{"line":11,"column":6},"end":{"line":11,"column":null}},"6":{"start":{"line":12,"column":6},"end":{"line":12,"column":51}},"7":{"start":{"line":5,"column":0},"end":{"line":5,"column":7}}},"fnMap":{"0":{"name":"getCategories","decl":{"start":{"line":5,"column":22},"end":{"line":5,"column":35}},"loc":{"start":{"line":5,"column":63},"end":{"line":14,"column":3}}}},"branchMap":{},"s":{"0":4,"1":4,"2":1,"3":1,"4":1,"5":0,"6":0,"7":4},"f":{"0":1},"b":{}}
,"/home/daivison/DRIVEN/modulo6/projeto-cardapio-virtual/back-end/src/controllers/index.ts": {"path":"/home/daivison/DRIVEN/modulo6/projeto-cardapio-virtual/back-end/src/controllers/index.ts","statementMap":{"0":{"start":{"line":1,"column":0},"end":{"line":1,"column":40}},"1":{"start":{"line":2,"column":0},"end":{"line":2,"column":38}},"2":{"start":{"line":3,"column":0},"end":{"line":3,"column":38}},"3":{"start":{"line":4,"column":0},"end":{"line":4,"column":39}}},"fnMap":{},"branchMap":{},"s":{"0":4,"1":4,"2":4,"3":4},"f":{},"b":{}}
,"/home/daivison/DRIVEN/modulo6/projeto-cardapio-virtual/back-end/src/controllers/products-controller.ts": {"path":"/home/daivison/DRIVEN/modulo6/projeto-cardapio-virtual/back-end/src/controllers/products-controller.ts","statementMap":{"0":{"start":{"line":1,"column":0},"end":{"line":1,"column":58}},"1":{"start":{"line":3,"column":0},"end":{"line":3,"column":37}},"2":{"start":{"line":7,"column":23},"end":{"line":7,"column":52}},"3":{"start":{"line":8,"column":2},"end":{"line":10,"column":null}},"4":{"start":{"line":9,"column":4},"end":{"line":9,"column":50}},"5":{"start":{"line":12,"column":4},"end":{"line":18,"column":null}},"6":{"start":{"line":13,"column":26},"end":{"line":13,"column":71}},"7":{"start":{"line":15,"column":6},"end":{"line":15,"column":57}},"8":{"start":{"line":17,"column":6},"end":{"line":17,"column":51}},"9":{"start":{"line":5,"column":0},"end":{"line":5,"column":7}}},"fnMap":{"0":{"name":"getProducts","decl":{"start":{"line":5,"column":22},"end":{"line":5,"column":33}},"loc":{"start":{"line":5,"column":61},"end":{"line":19,"column":3}}}},"branchMap":{"0":{"loc":{"start":{"line":8,"column":2},"end":{"line":10,"column":null}},"type":"if","locations":[{"start":{"line":8,"column":2},"end":{"line":10,"column":null}}]}},"s":{"0":4,"1":4,"2":1,"3":1,"4":0,"5":1,"6":1,"7":1,"8":0,"9":4},"f":{"0":1},"b":{"0":[0]}}
,"/home/daivison/DRIVEN/modulo6/projeto-cardapio-virtual/back-end/src/controllers/requests-controller.ts": {"path":"/home/daivison/DRIVEN/modulo6/projeto-cardapio-virtual/back-end/src/controllers/requests-controller.ts","statementMap":{"0":{"start":{"line":2,"column":0},"end":{"line":2,"column":58}},"1":{"start":{"line":3,"column":0},"end":{"line":3,"column":37}},"2":{"start":{"line":7,"column":22},"end":{"line":7,"column":45}},"3":{"start":{"line":9,"column":2},"end":{"line":16,"column":null}},"4":{"start":{"line":10,"column":20},"end":{"line":10,"column":67}},"5":{"start":{"line":12,"column":4},"end":{"line":12,"column":56}},"6":{"start":{"line":14,"column":4},"end":{"line":14,"column":23}},"7":{"start":{"line":15,"column":4},"end":{"line":15,"column":49}},"8":{"start":{"line":6,"column":0},"end":{"line":6,"column":7}},"9":{"start":{"line":20,"column":2},"end":{"line":25,"column":null}},"10":{"start":{"line":21,"column":21},"end":{"line":21,"column":56}},"11":{"start":{"line":22,"column":4},"end":{"line":22,"column":52}},"12":{"start":{"line":24,"column":4},"end":{"line":24,"column":49}},"13":{"start":{"line":19,"column":0},"end":{"line":19,"column":7}},"14":{"start":{"line":29,"column":20},"end":{"line":29,"column":48}},"15":{"start":{"line":30,"column":2},"end":{"line":32,"column":null}},"16":{"start":{"line":31,"column":4},"end":{"line":31,"column":50}},"17":{"start":{"line":34,"column":2},"end":{"line":40,"column":null}},"18":{"start":{"line":35,"column":21},"end":{"line":35,"column":68}},"19":{"start":{"line":36,"column":4},"end":{"line":36,"column":26}},"20":{"start":{"line":37,"column":4},"end":{"line":37,"column":52}},"21":{"start":{"line":39,"column":4},"end":{"line":39,"column":49}},"22":{"start":{"line":28,"column":0},"end":{"line":28,"column":7}},"23":{"start":{"line":44,"column":32},"end":{"line":44,"column":40}},"24":{"start":{"line":45,"column":2},"end":{"line":45,"column":24}},"25":{"start":{"line":47,"column":2},"end":{"line":57,"column":null}},"26":{"start":{"line":48,"column":21},"end":{"line":50,"column":null}},"27":{"start":{"line":53,"column":4},"end":{"line":53,"column":52}},"28":{"start":{"line":55,"column":4},"end":{"line":55,"column":23}},"29":{"start":{"line":56,"column":4},"end":{"line":56,"column":49}},"30":{"start":{"line":43,"column":0},"end":{"line":43,"column":7}},"31":{"start":{"line":61,"column":20},"end":{"line":61,"column":48}},"32":{"start":{"line":63,"column":2},"end":{"line":69,"column":null}},"33":{"start":{"line":64,"column":21},"end":{"line":64,"column":67}},"34":{"start":{"line":66,"column":4},"end":{"line":66,"column":52}},"35":{"start":{"line":68,"column":4},"end":{"line":68,"column":49}},"36":{"start":{"line":60,"column":0},"end":{"line":60,"column":7}}},"fnMap":{"0":{"name":"postRequests","decl":{"start":{"line":6,"column":22},"end":{"line":6,"column":34}},"loc":{"start":{"line":6,"column":62},"end":{"line":17,"column":1}}},"1":{"name":"getRequests","decl":{"start":{"line":19,"column":22},"end":{"line":19,"column":33}},"loc":{"start":{"line":19,"column":61},"end":{"line":26,"column":1}}},"2":{"name":"getByIdRequest","decl":{"start":{"line":28,"column":22},"end":{"line":28,"column":36}},"loc":{"start":{"line":28,"column":64},"end":{"line":41,"column":1}}},"3":{"name":"putRequests","decl":{"start":{"line":43,"column":22},"end":{"line":43,"column":33}},"loc":{"start":{"line":43,"column":61},"end":{"line":58,"column":1}}},"4":{"name":"deleteRequest","decl":{"start":{"line":60,"column":22},"end":{"line":60,"column":35}},"loc":{"start":{"line":60,"column":63},"end":{"line":70,"column":1}}}},"branchMap":{"0":{"loc":{"start":{"line":30,"column":2},"end":{"line":32,"column":null}},"type":"if","locations":[{"start":{"line":30,"column":2},"end":{"line":32,"column":null}}]}},"s":{"0":4,"1":4,"2":1,"3":1,"4":1,"5":1,"6":0,"7":0,"8":4,"9":1,"10":1,"11":1,"12":0,"13":4,"14":0,"15":0,"16":0,"17":0,"18":0,"19":0,"20":0,"21":0,"22":4,"23":0,"24":0,"25":0,"26":0,"27":0,"28":0,"29":0,"30":4,"31":0,"32":0,"33":0,"34":0,"35":0,"36":4},"f":{"0":1,"1":1,"2":0,"3":0,"4":0},"b":{"0":[0]}}
,"/home/daivison/DRIVEN/modulo6/projeto-cardapio-virtual/back-end/src/controllers/signinAdm-Controller.ts": {"path":"/home/daivison/DRIVEN/modulo6/projeto-cardapio-virtual/back-end/src/controllers/signinAdm-Controller.ts","statementMap":{"0":{"start":{"line":1,"column":0},"end":{"line":1,"column":60}},"1":{"start":{"line":3,"column":0},"end":{"line":3,"column":37}},"2":{"start":{"line":6,"column":29},"end":{"line":6,"column":37}},"3":{"start":{"line":8,"column":2},"end":{"line":18,"column":null}},"4":{"start":{"line":9,"column":28},"end":{"line":9,"column":76}},"5":{"start":{"line":10,"column":4},"end":{"line":10,"column":59}},"6":{"start":{"line":13,"column":4},"end":{"line":15,"column":null}},"7":{"start":{"line":14,"column":6},"end":{"line":14,"column":76}},"8":{"start":{"line":16,"column":4},"end":{"line":16,"column":null}},"9":{"start":{"line":17,"column":4},"end":{"line":17,"column":49}},"10":{"start":{"line":5,"column":0},"end":{"line":5,"column":7}}},"fnMap":{"0":{"name":"postSigninAdm","decl":{"start":{"line":5,"column":22},"end":{"line":5,"column":35}},"loc":{"start":{"line":5,"column":63},"end":{"line":19,"column":1}}}},"branchMap":{"0":{"loc":{"start":{"line":13,"column":4},"end":{"line":15,"column":null}},"type":"if","locations":[{"start":{"line":13,"column":4},"end":{"line":15,"column":null}}]}},"s":{"0":4,"1":4,"2":3,"3":3,"4":3,"5":1,"6":2,"7":2,"8":0,"9":0,"10":4},"f":{"0":3},"b":{"0":[2]}}
,"/home/daivison/DRIVEN/modulo6/projeto-cardapio-virtual/back-end/src/errors/cannot-booking-error.ts": {"path":"/home/daivison/DRIVEN/modulo6/projeto-cardapio-virtual/back-end/src/errors/cannot-booking-error.ts","statementMap":{"0":{"start":{"line":4,"column":2},"end":{"line":7,"column":4}},"1":{"start":{"line":3,"column":0},"end":{"line":3,"column":16}}},"fnMap":{"0":{"name":"cannotBookingError","decl":{"start":{"line":3,"column":16},"end":{"line":3,"column":34}},"loc":{"start":{"line":3,"column":34},"end":{"line":8,"column":1}}}},"branchMap":{},"s":{"0":0,"1":4},"f":{"0":0},"b":{}}
,"/home/daivison/DRIVEN/modulo6/projeto-cardapio-virtual/back-end/src/errors/cannot-enroll-before-start-date-error.ts": {"path":"/home/daivison/DRIVEN/modulo6/projeto-cardapio-virtual/back-end/src/errors/cannot-enroll-before-start-date-error.ts","statementMap":{"0":{"start":{"line":4,"column":2},"end":{"line":7,"column":4}},"1":{"start":{"line":3,"column":0},"end":{"line":3,"column":16}}},"fnMap":{"0":{"name":"cannotEnrollBeforeStartDateError","decl":{"start":{"line":3,"column":16},"end":{"line":3,"column":48}},"loc":{"start":{"line":3,"column":48},"end":{"line":8,"column":1}}}},"branchMap":{},"s":{"0":0,"1":4},"f":{"0":0},"b":{}}
,"/home/daivison/DRIVEN/modulo6/projeto-cardapio-virtual/back-end/src/errors/conflict-error.ts": {"path":"/home/daivison/DRIVEN/modulo6/projeto-cardapio-virtual/back-end/src/errors/conflict-error.ts","statementMap":{"0":{"start":{"line":4,"column":2},"end":{"line":7,"column":4}},"1":{"start":{"line":3,"column":0},"end":{"line":3,"column":16}}},"fnMap":{"0":{"name":"conflictError","decl":{"start":{"line":3,"column":16},"end":{"line":3,"column":29}},"loc":{"start":{"line":3,"column":45},"end":{"line":8,"column":1}}}},"branchMap":{},"s":{"0":2,"1":4},"f":{"0":2},"b":{}}
,"/home/daivison/DRIVEN/modulo6/projeto-cardapio-virtual/back-end/src/errors/index.ts": {"path":"/home/daivison/DRIVEN/modulo6/projeto-cardapio-virtual/back-end/src/errors/index.ts","statementMap":{"0":{"start":{"line":1,"column":0},"end":{"line":1,"column":56}},"1":{"start":{"line":2,"column":0},"end":{"line":2,"column":33}},"2":{"start":{"line":3,"column":0},"end":{"line":3,"column":37}},"3":{"start":{"line":4,"column":0},"end":{"line":4,"column":38}},"4":{"start":{"line":5,"column":0},"end":{"line":5,"column":34}},"5":{"start":{"line":6,"column":0},"end":{"line":6,"column":37}},"6":{"start":{"line":7,"column":0},"end":{"line":7,"column":32}},"7":{"start":{"line":8,"column":0},"end":{"line":8,"column":39}}},"fnMap":{},"branchMap":{},"s":{"0":4,"1":4,"2":4,"3":4,"4":4,"5":4,"6":4,"7":4},"f":{},"b":{}}
,"/home/daivison/DRIVEN/modulo6/projeto-cardapio-virtual/back-end/src/errors/invalid-data-error.ts": {"path":"/home/daivison/DRIVEN/modulo6/projeto-cardapio-virtual/back-end/src/errors/invalid-data-error.ts","statementMap":{"0":{"start":{"line":4,"column":2},"end":{"line":8,"column":4}},"1":{"start":{"line":3,"column":0},"end":{"line":3,"column":16}}},"fnMap":{"0":{"name":"invalidDataError","decl":{"start":{"line":3,"column":16},"end":{"line":3,"column":32}},"loc":{"start":{"line":3,"column":50},"end":{"line":9,"column":1}}}},"branchMap":{},"s":{"0":2,"1":4},"f":{"0":2},"b":{}}
,"/home/daivison/DRIVEN/modulo6/projeto-cardapio-virtual/back-end/src/errors/invalid-email-error.ts": {"path":"/home/daivison/DRIVEN/modulo6/projeto-cardapio-virtual/back-end/src/errors/invalid-email-error.ts","statementMap":{"0":{"start":{"line":4,"column":2},"end":{"line":8,"column":4}},"1":{"start":{"line":3,"column":0},"end":{"line":3,"column":16}}},"fnMap":{"0":{"name":"invalidEmailError","decl":{"start":{"line":3,"column":16},"end":{"line":3,"column":33}},"loc":{"start":{"line":3,"column":47},"end":{"line":9,"column":1}}}},"branchMap":{},"s":{"0":0,"1":4},"f":{"0":0},"b":{}}
,"/home/daivison/DRIVEN/modulo6/projeto-cardapio-virtual/back-end/src/errors/not-found-error.ts": {"path":"/home/daivison/DRIVEN/modulo6/projeto-cardapio-virtual/back-end/src/errors/not-found-error.ts","statementMap":{"0":{"start":{"line":4,"column":2},"end":{"line":7,"column":4}},"1":{"start":{"line":3,"column":0},"end":{"line":3,"column":16}}},"fnMap":{"0":{"name":"notFoundError","decl":{"start":{"line":3,"column":16},"end":{"line":3,"column":29}},"loc":{"start":{"line":3,"column":29},"end":{"line":8,"column":1}}}},"branchMap":{},"s":{"0":0,"1":4},"f":{"0":0},"b":{}}
,"/home/daivison/DRIVEN/modulo6/projeto-cardapio-virtual/back-end/src/errors/request-error.ts": {"path":"/home/daivison/DRIVEN/modulo6/projeto-cardapio-virtual/back-end/src/errors/request-error.ts","statementMap":{"0":{"start":{"line":4,"column":2},"end":{"line":10,"column":4}},"1":{"start":{"line":3,"column":0},"end":{"line":3,"column":16}}},"fnMap":{"0":{"name":"requestError","decl":{"start":{"line":3,"column":16},"end":{"line":3,"column":28}},"loc":{"start":{"line":3,"column":63},"end":{"line":11,"column":1}}}},"branchMap":{},"s":{"0":0,"1":4},"f":{"0":0},"b":{}}
,"/home/daivison/DRIVEN/modulo6/projeto-cardapio-virtual/back-end/src/errors/unauthorized-error.ts": {"path":"/home/daivison/DRIVEN/modulo6/projeto-cardapio-virtual/back-end/src/errors/unauthorized-error.ts","statementMap":{"0":{"start":{"line":4,"column":2},"end":{"line":7,"column":4}},"1":{"start":{"line":3,"column":0},"end":{"line":3,"column":16}}},"fnMap":{"0":{"name":"unauthorizedError","decl":{"start":{"line":3,"column":16},"end":{"line":3,"column":33}},"loc":{"start":{"line":3,"column":33},"end":{"line":8,"column":1}}}},"branchMap":{},"s":{"0":2,"1":4},"f":{"0":2},"b":{}}
,"/home/daivison/DRIVEN/modulo6/projeto-cardapio-virtual/back-end/src/middlewares/authentication-middleware.ts": {"path":"/home/daivison/DRIVEN/modulo6/projeto-cardapio-virtual/back-end/src/middlewares/authentication-middleware.ts","statementMap":{"0":{"start":{"line":2,"column":0},"end":{"line":2,"column":37}},"1":{"start":{"line":3,"column":0},"end":{"line":3,"column":45}},"2":{"start":{"line":4,"column":0},"end":{"line":4,"column":34}},"3":{"start":{"line":7,"column":21},"end":{"line":7,"column":48}},"4":{"start":{"line":8,"column":2},"end":{"line":8,"column":60}},"5":{"start":{"line":8,"column":19},"end":{"line":8,"column":60}},"6":{"start":{"line":10,"column":16},"end":{"line":10,"column":40}},"7":{"start":{"line":11,"column":2},"end":{"line":11,"column":55}},"8":{"start":{"line":11,"column":14},"end":{"line":11,"column":55}},"9":{"start":{"line":13,"column":2},"end":{"line":25,"column":null}},"10":{"start":{"line":15,"column":20},"end":{"line":19,"column":6}},"11":{"start":{"line":20,"column":4},"end":{"line":20,"column":59}},"12":{"start":{"line":20,"column":18},"end":{"line":20,"column":59}},"13":{"start":{"line":22,"column":4},"end":{"line":22,"column":18}},"14":{"start":{"line":24,"column":4},"end":{"line":24,"column":45}},"15":{"start":{"line":6,"column":0},"end":{"line":6,"column":7}},"16":{"start":{"line":29,"column":2},"end":{"line":29,"column":64}}},"fnMap":{"0":{"name":"authenticateToken","decl":{"start":{"line":6,"column":22},"end":{"line":6,"column":39}},"loc":{"start":{"line":6,"column":100},"end":{"line":26,"column":1}}},"1":{"name":"generateUnauthorizedResponse","decl":{"start":{"line":28,"column":9},"end":{"line":28,"column":37}},"loc":{"start":{"line":28,"column":51},"end":{"line":30,"column":1}}}},"branchMap":{"0":{"loc":{"start":{"line":8,"column":2},"end":{"line":8,"column":60}},"type":"if","locations":[{"start":{"line":8,"column":2},"end":{"line":8,"column":60}}]},"1":{"loc":{"start":{"line":11,"column":2},"end":{"line":11,"column":55}},"type":"if","locations":[{"start":{"line":11,"column":2},"end":{"line":11,"column":55}}]},"2":{"loc":{"start":{"line":20,"column":4},"end":{"line":20,"column":59}},"type":"if","locations":[{"start":{"line":20,"column":4},"end":{"line":20,"column":59}}]}},"s":{"0":4,"1":4,"2":4,"3":3,"4":3,"5":1,"6":2,"7":2,"8":1,"9":1,"10":1,"11":1,"12":0,"13":1,"14":0,"15":4,"16":2},"f":{"0":3,"1":2},"b":{"0":[1],"1":[1],"2":[0]}}
,"/home/daivison/DRIVEN/modulo6/projeto-cardapio-virtual/back-end/src/middlewares/index.ts": {"path":"/home/daivison/DRIVEN/modulo6/projeto-cardapio-virtual/back-end/src/middlewares/index.ts","statementMap":{"0":{"start":{"line":1,"column":0},"end":{"line":1,"column":44}},"1":{"start":{"line":2,"column":0},"end":{"line":2,"column":40}}},"fnMap":{},"branchMap":{},"s":{"0":4,"1":4},"f":{},"b":{}}
,"/home/daivison/DRIVEN/modulo6/projeto-cardapio-virtual/back-end/src/middlewares/validation-middleware.ts": {"path":"/home/daivison/DRIVEN/modulo6/projeto-cardapio-virtual/back-end/src/middlewares/validation-middleware.ts","statementMap":{"0":{"start":{"line":1,"column":0},"end":{"line":1,"column":44}},"1":{"start":{"line":3,"column":0},"end":{"line":3,"column":37}},"2":{"start":{"line":7,"column":2},"end":{"line":7,"column":34}},"3":{"start":{"line":6,"column":0},"end":{"line":6,"column":16}},"4":{"start":{"line":11,"column":2},"end":{"line":11,"column":36}},"5":{"start":{"line":10,"column":0},"end":{"line":10,"column":16}},"6":{"start":{"line":15,"column":2},"end":{"line":25,"column":4}},"7":{"start":{"line":16,"column":22},"end":{"line":18,"column":6}},"8":{"start":{"line":20,"column":4},"end":{"line":24,"column":null}},"9":{"start":{"line":21,"column":6},"end":{"line":21,"column":13}},"10":{"start":{"line":23,"column":6},"end":{"line":23,"column":101}},"11":{"start":{"line":23,"column":88},"end":{"line":23,"column":97}}},"fnMap":{"0":{"name":"validateBody","decl":{"start":{"line":6,"column":16},"end":{"line":6,"column":28}},"loc":{"start":{"line":6,"column":55},"end":{"line":8,"column":1}}},"1":{"name":"validateParams","decl":{"start":{"line":10,"column":16},"end":{"line":10,"column":30}},"loc":{"start":{"line":10,"column":57},"end":{"line":12,"column":1}}},"2":{"name":"validate","decl":{"start":{"line":14,"column":9},"end":{"line":14,"column":17}},"loc":{"start":{"line":14,"column":63},"end":{"line":26,"column":1}}},"3":{"name":"(anonymous_4)","decl":{"start":{"line":15,"column":9},"end":{"line":15,"column":10}},"loc":{"start":{"line":15,"column":61},"end":{"line":25,"column":3}}},"4":{"name":"(anonymous_5)","decl":{"start":{"line":23,"column":81},"end":{"line":23,"column":82}},"loc":{"start":{"line":23,"column":88},"end":{"line":23,"column":97}}}},"branchMap":{"0":{"loc":{"start":{"line":20,"column":4},"end":{"line":24,"column":null}},"type":"if","locations":[{"start":{"line":20,"column":4},"end":{"line":24,"column":null}},{"start":{"line":22,"column":11},"end":{"line":24,"column":null}}]}},"s":{"0":4,"1":4,"2":8,"3":4,"4":0,"5":4,"6":8,"7":6,"8":6,"9":4,"10":2,"11":7},"f":{"0":8,"1":0,"2":8,"3":6,"4":7},"b":{"0":[4,2]}}
,"/home/daivison/DRIVEN/modulo6/projeto-cardapio-virtual/back-end/src/repositories/categories-repository/index.ts": {"path":"/home/daivison/DRIVEN/modulo6/projeto-cardapio-virtual/back-end/src/repositories/categories-repository/index.ts","statementMap":{"0":{"start":{"line":1,"column":0},"end":{"line":1,"column":32}},"1":{"start":{"line":6,"column":4},"end":{"line":6,"column":null}},"2":{"start":{"line":5,"column":0},"end":{"line":5,"column":7}},"3":{"start":{"line":9,"column":29},"end":{"line":11,"column":null}},"4":{"start":{"line":12,"column":0},"end":{"line":12,"column":null}}},"fnMap":{"0":{"name":"getCategories","decl":{"start":{"line":5,"column":22},"end":{"line":5,"column":35}},"loc":{"start":{"line":5,"column":35},"end":{"line":7,"column":1}}}},"branchMap":{},"s":{"0":4,"1":1,"2":4,"3":4,"4":4},"f":{"0":1},"b":{}}
,"/home/daivison/DRIVEN/modulo6/projeto-cardapio-virtual/back-end/src/repositories/products-repository/index.ts": {"path":"/home/daivison/DRIVEN/modulo6/projeto-cardapio-virtual/back-end/src/repositories/products-repository/index.ts","statementMap":{"0":{"start":{"line":1,"column":0},"end":{"line":1,"column":45}},"1":{"start":{"line":4,"column":4},"end":{"line":8,"column":null}},"2":{"start":{"line":3,"column":0},"end":{"line":3,"column":7}},"3":{"start":{"line":11,"column":27},"end":{"line":13,"column":null}},"4":{"start":{"line":14,"column":0},"end":{"line":14,"column":null}}},"fnMap":{"0":{"name":"getproducts","decl":{"start":{"line":3,"column":22},"end":{"line":3,"column":33}},"loc":{"start":{"line":3,"column":53},"end":{"line":9,"column":1}}}},"branchMap":{},"s":{"0":4,"1":1,"2":4,"3":4,"4":4},"f":{"0":1},"b":{}}
,"/home/daivison/DRIVEN/modulo6/projeto-cardapio-virtual/back-end/src/repositories/requests-repository/index.ts": {"path":"/home/daivison/DRIVEN/modulo6/projeto-cardapio-virtual/back-end/src/repositories/requests-repository/index.ts","statementMap":{"0":{"start":{"line":1,"column":0},"end":{"line":1,"column":34}},"1":{"start":{"line":5,"column":2},"end":{"line":9,"column":5}},"2":{"start":{"line":13,"column":2},"end":{"line":13,"column":42}},"3":{"start":{"line":12,"column":0},"end":{"line":12,"column":7}},"4":{"start":{"line":17,"column":2},"end":{"line":21,"column":5}},"5":{"start":{"line":16,"column":0},"end":{"line":16,"column":7}},"6":{"start":{"line":25,"column":2},"end":{"line":32,"column":5}},"7":{"start":{"line":36,"column":2},"end":{"line":40,"column":5}},"8":{"start":{"line":45,"column":27},"end":{"line":51,"column":2}},"9":{"start":{"line":52,"column":0},"end":{"line":52,"column":34}}},"fnMap":{"0":{"name":"postRequests","decl":{"start":{"line":4,"column":15},"end":{"line":4,"column":27}},"loc":{"start":{"line":4,"column":52},"end":{"line":10,"column":1}}},"1":{"name":"getRequests","decl":{"start":{"line":12,"column":22},"end":{"line":12,"column":33}},"loc":{"start":{"line":12,"column":33},"end":{"line":14,"column":1}}},"2":{"name":"getByIdRequest","decl":{"start":{"line":16,"column":22},"end":{"line":16,"column":36}},"loc":{"start":{"line":16,"column":54},"end":{"line":22,"column":1}}},"3":{"name":"putRequests","decl":{"start":{"line":24,"column":15},"end":{"line":24,"column":26}},"loc":{"start":{"line":24,"column":60},"end":{"line":33,"column":1}}},"4":{"name":"deleteRequest","decl":{"start":{"line":35,"column":15},"end":{"line":35,"column":28}},"loc":{"start":{"line":35,"column":46},"end":{"line":41,"column":1}}}},"branchMap":{},"s":{"0":4,"1":1,"2":1,"3":4,"4":0,"5":4,"6":0,"7":0,"8":4,"9":4},"f":{"0":1,"1":1,"2":0,"3":0,"4":0},"b":{}}
,"/home/daivison/DRIVEN/modulo6/projeto-cardapio-virtual/back-end/src/repositories/signinAdmRepository/index.ts": {"path":"/home/daivison/DRIVEN/modulo6/projeto-cardapio-virtual/back-end/src/repositories/signinAdmRepository/index.ts","statementMap":{"0":{"start":{"line":1,"column":0},"end":{"line":1,"column":34}},"1":{"start":{"line":5,"column":16},"end":{"line":9,"column":4}},"2":{"start":{"line":11,"column":2},"end":{"line":11,"column":15}},"3":{"start":{"line":15,"column":2},"end":{"line":20,"column":5}},"4":{"start":{"line":24,"column":4},"end":{"line":28,"column":7}},"5":{"start":{"line":31,"column":25},"end":{"line":35,"column":2}},"6":{"start":{"line":37,"column":0},"end":{"line":37,"column":32}}},"fnMap":{"0":{"name":"findRestaurant","decl":{"start":{"line":3,"column":15},"end":{"line":3,"column":29}},"loc":{"start":{"line":3,"column":43},"end":{"line":12,"column":1}}},"1":{"name":"createSession","decl":{"start":{"line":14,"column":15},"end":{"line":14,"column":28}},"loc":{"start":{"line":14,"column":64},"end":{"line":21,"column":1}}},"2":{"name":"existSession","decl":{"start":{"line":23,"column":15},"end":{"line":23,"column":27}},"loc":{"start":{"line":23,"column":48},"end":{"line":29,"column":3}}}},"branchMap":{},"s":{"0":4,"1":3,"2":3,"3":1,"4":1,"5":4,"6":4},"f":{"0":3,"1":1,"2":1},"b":{}}
,"/home/daivison/DRIVEN/modulo6/projeto-cardapio-virtual/back-end/src/routers/categoriesRouter.ts": {"path":"/home/daivison/DRIVEN/modulo6/projeto-cardapio-virtual/back-end/src/routers/categoriesRouter.ts","statementMap":{"0":{"start":{"line":1,"column":0},"end":{"line":1,"column":33}},"1":{"start":{"line":3,"column":0},"end":{"line":3,"column":46}},"2":{"start":{"line":5,"column":25},"end":{"line":5,"column":33}},"3":{"start":{"line":10,"column":9},"end":{"line":10,"column":25}},"4":{"start":{"line":7,"column":0},"end":{"line":8,"column":null}}},"fnMap":{},"branchMap":{},"s":{"0":4,"1":4,"2":4,"3":4,"4":4},"f":{},"b":{}}
,"/home/daivison/DRIVEN/modulo6/projeto-cardapio-virtual/back-end/src/routers/index.ts": {"path":"/home/daivison/DRIVEN/modulo6/projeto-cardapio-virtual/back-end/src/routers/index.ts","statementMap":{"0":{"start":{"line":1,"column":0},"end":{"line":1,"column":35}},"1":{"start":{"line":2,"column":0},"end":{"line":2,"column":33}},"2":{"start":{"line":3,"column":0},"end":{"line":3,"column":33}},"3":{"start":{"line":4,"column":0},"end":{"line":4,"column":34}}},"fnMap":{},"branchMap":{},"s":{"0":4,"1":4,"2":4,"3":4},"f":{},"b":{}}
,"/home/daivison/DRIVEN/modulo6/projeto-cardapio-virtual/back-end/src/routers/productsRouter.ts": {"path":"/home/daivison/DRIVEN/modulo6/projeto-cardapio-virtual/back-end/src/routers/productsRouter.ts","statementMap":{"0":{"start":{"line":1,"column":0},"end":{"line":1,"column":33}},"1":{"start":{"line":3,"column":0},"end":{"line":3,"column":46}},"2":{"start":{"line":5,"column":23},"end":{"line":5,"column":31}},"3":{"start":{"line":10,"column":9},"end":{"line":10,"column":23}},"4":{"start":{"line":7,"column":0},"end":{"line":8,"column":null}}},"fnMap":{},"branchMap":{},"s":{"0":4,"1":4,"2":4,"3":4,"4":4},"f":{},"b":{}}
,"/home/daivison/DRIVEN/modulo6/projeto-cardapio-virtual/back-end/src/routers/requestsRouter.ts": {"path":"/home/daivison/DRIVEN/modulo6/projeto-cardapio-virtual/back-end/src/routers/requestsRouter.ts","statementMap":{"0":{"start":{"line":1,"column":0},"end":{"line":1,"column":33}},"1":{"start":{"line":2,"column":0},"end":{"line":2,"column":102}},"2":{"start":{"line":3,"column":0},"end":{"line":3,"column":64}},"3":{"start":{"line":4,"column":0},"end":{"line":4,"column":61}},"4":{"start":{"line":6,"column":23},"end":{"line":6,"column":31}},"5":{"start":{"line":16,"column":9},"end":{"line":16,"column":23}},"6":{"start":{"line":8,"column":0},"end":{"line":14,"column":null}}},"fnMap":{},"branchMap":{},"s":{"0":4,"1":4,"2":4,"3":4,"4":4,"5":4,"6":4},"f":{},"b":{}}
,"/home/daivison/DRIVEN/modulo6/projeto-cardapio-virtual/back-end/src/routers/signinAdmRouter.ts": {"path":"/home/daivison/DRIVEN/modulo6/projeto-cardapio-virtual/back-end/src/routers/signinAdmRouter.ts","statementMap":{"0":{"start":{"line":1,"column":0},"end":{"line":1,"column":33}},"1":{"start":{"line":2,"column":0},"end":{"line":2,"column":67}},"2":{"start":{"line":3,"column":0},"end":{"line":3,"column":45}},"3":{"start":{"line":4,"column":0},"end":{"line":4,"column":65}},"4":{"start":{"line":6,"column":25},"end":{"line":6,"column":33}},"5":{"start":{"line":11,"column":9},"end":{"line":11,"column":25}},"6":{"start":{"line":8,"column":0},"end":{"line":9,"column":60}}},"fnMap":{},"branchMap":{},"s":{"0":4,"1":4,"2":4,"3":4,"4":4,"5":4,"6":4},"f":{},"b":{}}
,"/home/daivison/DRIVEN/modulo6/projeto-cardapio-virtual/back-end/src/schemas/postRequestSchema.ts": {"path":"/home/daivison/DRIVEN/modulo6/projeto-cardapio-virtual/back-end/src/schemas/postRequestSchema.ts","statementMap":{"0":{"start":{"line":1,"column":0},"end":{"line":1,"column":22}},"1":{"start":{"line":3,"column":13},"end":{"line":10,"column":null}}},"fnMap":{},"branchMap":{},"s":{"0":4,"1":4},"f":{},"b":{}}
,"/home/daivison/DRIVEN/modulo6/projeto-cardapio-virtual/back-end/src/schemas/postSigninAdmSchema.ts": {"path":"/home/daivison/DRIVEN/modulo6/projeto-cardapio-virtual/back-end/src/schemas/postSigninAdmSchema.ts","statementMap":{"0":{"start":{"line":1,"column":0},"end":{"line":1,"column":22}},"1":{"start":{"line":3,"column":25},"end":{"line":6,"column":4}},"2":{"start":{"line":8,"column":11},"end":{"line":8,"column":27}}},"fnMap":{},"branchMap":{},"s":{"0":4,"1":4,"2":4},"f":{},"b":{}}
,"/home/daivison/DRIVEN/modulo6/projeto-cardapio-virtual/back-end/src/services/categories-service/index.ts": {"path":"/home/daivison/DRIVEN/modulo6/projeto-cardapio-virtual/back-end/src/services/categories-service/index.ts","statementMap":{"0":{"start":{"line":2,"column":0},"end":{"line":2,"column":41}},"1":{"start":{"line":3,"column":0},"end":{"line":3,"column":72}},"2":{"start":{"line":6,"column":24},"end":{"line":6,"column":66}},"3":{"start":{"line":8,"column":2},"end":{"line":10,"column":null}},"4":{"start":{"line":9,"column":4},"end":{"line":9,"column":26}},"5":{"start":{"line":11,"column":2},"end":{"line":11,"column":23}},"6":{"start":{"line":14,"column":26},"end":{"line":16,"column":null}},"7":{"start":{"line":18,"column":0},"end":{"line":18,"column":33}}},"fnMap":{"0":{"name":"getCategories","decl":{"start":{"line":5,"column":15},"end":{"line":5,"column":28}},"loc":{"start":{"line":5,"column":28},"end":{"line":12,"column":1}}}},"branchMap":{"0":{"loc":{"start":{"line":8,"column":2},"end":{"line":10,"column":null}},"type":"if","locations":[{"start":{"line":8,"column":2},"end":{"line":10,"column":null}}]}},"s":{"0":4,"1":4,"2":1,"3":1,"4":0,"5":1,"6":4,"7":4},"f":{"0":1},"b":{"0":[0]}}
,"/home/daivison/DRIVEN/modulo6/projeto-cardapio-virtual/back-end/src/services/products-service/index.ts": {"path":"/home/daivison/DRIVEN/modulo6/projeto-cardapio-virtual/back-end/src/services/products-service/index.ts","statementMap":{"0":{"start":{"line":1,"column":0},"end":{"line":1,"column":41}},"1":{"start":{"line":2,"column":0},"end":{"line":2,"column":68}},"2":{"start":{"line":5,"column":22},"end":{"line":5,"column":70}},"3":{"start":{"line":7,"column":2},"end":{"line":9,"column":null}},"4":{"start":{"line":8,"column":4},"end":{"line":8,"column":26}},"5":{"start":{"line":10,"column":2},"end":{"line":10,"column":21}},"6":{"start":{"line":13,"column":24},"end":{"line":15,"column":null}},"7":{"start":{"line":17,"column":0},"end":{"line":17,"column":31}}},"fnMap":{"0":{"name":"getProducts","decl":{"start":{"line":4,"column":15},"end":{"line":4,"column":26}},"loc":{"start":{"line":4,"column":46},"end":{"line":11,"column":1}}}},"branchMap":{"0":{"loc":{"start":{"line":7,"column":2},"end":{"line":9,"column":null}},"type":"if","locations":[{"start":{"line":7,"column":2},"end":{"line":9,"column":null}}]}},"s":{"0":4,"1":4,"2":1,"3":1,"4":0,"5":1,"6":4,"7":4},"f":{"0":1},"b":{"0":[0]}}
,"/home/daivison/DRIVEN/modulo6/projeto-cardapio-virtual/back-end/src/services/requests-service/index.ts": {"path":"/home/daivison/DRIVEN/modulo6/projeto-cardapio-virtual/back-end/src/services/requests-service/index.ts","statementMap":{"0":{"start":{"line":1,"column":0},"end":{"line":1,"column":41}},"1":{"start":{"line":3,"column":0},"end":{"line":3,"column":68}},"2":{"start":{"line":6,"column":18},"end":{"line":6,"column":68}},"3":{"start":{"line":7,"column":2},"end":{"line":7,"column":17}},"4":{"start":{"line":11,"column":19},"end":{"line":11,"column":57}},"5":{"start":{"line":12,"column":2},"end":{"line":14,"column":null}},"6":{"start":{"line":13,"column":4},"end":{"line":13,"column":26}},"7":{"start":{"line":15,"column":2},"end":{"line":15,"column":18}},"8":{"start":{"line":19,"column":19},"end":{"line":19,"column":69}},"9":{"start":{"line":21,"column":2},"end":{"line":21,"column":18}},"10":{"start":{"line":25,"column":19},"end":{"line":25,"column":74}},"11":{"start":{"line":27,"column":2},"end":{"line":27,"column":18}},"12":{"start":{"line":31,"column":19},"end":{"line":31,"column":68}},"13":{"start":{"line":33,"column":2},"end":{"line":33,"column":18}},"14":{"start":{"line":36,"column":24},"end":{"line":42,"column":2}},"15":{"start":{"line":44,"column":0},"end":{"line":44,"column":31}}},"fnMap":{"0":{"name":"postRequests","decl":{"start":{"line":5,"column":15},"end":{"line":5,"column":27}},"loc":{"start":{"line":5,"column":52},"end":{"line":8,"column":1}}},"1":{"name":"getRequests","decl":{"start":{"line":10,"column":15},"end":{"line":10,"column":26}},"loc":{"start":{"line":10,"column":26},"end":{"line":16,"column":1}}},"2":{"name":"getByIdRequest","decl":{"start":{"line":18,"column":15},"end":{"line":18,"column":29}},"loc":{"start":{"line":18,"column":47},"end":{"line":22,"column":1}}},"3":{"name":"putRequests","decl":{"start":{"line":24,"column":15},"end":{"line":24,"column":26}},"loc":{"start":{"line":24,"column":60},"end":{"line":28,"column":1}}},"4":{"name":"deleteRequest","decl":{"start":{"line":30,"column":15},"end":{"line":30,"column":28}},"loc":{"start":{"line":30,"column":46},"end":{"line":34,"column":1}}}},"branchMap":{"0":{"loc":{"start":{"line":12,"column":2},"end":{"line":14,"column":null}},"type":"if","locations":[{"start":{"line":12,"column":2},"end":{"line":14,"column":null}}]}},"s":{"0":4,"1":4,"2":1,"3":1,"4":1,"5":1,"6":0,"7":1,"8":0,"9":0,"10":0,"11":0,"12":0,"13":0,"14":4,"15":4},"f":{"0":1,"1":1,"2":0,"3":0,"4":0},"b":{"0":[0]}}
,"/home/daivison/DRIVEN/modulo6/projeto-cardapio-virtual/back-end/src/services/signinAdm-service/index.ts": {"path":"/home/daivison/DRIVEN/modulo6/projeto-cardapio-virtual/back-end/src/services/signinAdm-service/index.ts","statementMap":{"0":{"start":{"line":1,"column":0},"end":{"line":1,"column":41}},"1":{"start":{"line":2,"column":0},"end":{"line":2,"column":66}},"2":{"start":{"line":3,"column":0},"end":{"line":3,"column":36}},"3":{"start":{"line":7,"column":28},"end":{"line":7,"column":71}},"4":{"start":{"line":9,"column":2},"end":{"line":11,"column":null}},"5":{"start":{"line":10,"column":4},"end":{"line":10,"column":49}},"6":{"start":{"line":13,"column":2},"end":{"line":15,"column":null}},"7":{"start":{"line":14,"column":4},"end":{"line":14,"column":49}},"8":{"start":{"line":17,"column":23},"end":{"line":17,"column":86}},"9":{"start":{"line":18,"column":2},"end":{"line":20,"column":null}},"10":{"start":{"line":19,"column":4},"end":{"line":19,"column":null}},"11":{"start":{"line":22,"column":16},"end":{"line":22,"column":24}},"12":{"start":{"line":23,"column":25},"end":{"line":23,"column":95}},"13":{"start":{"line":24,"column":2},"end":{"line":26,"column":null}},"14":{"start":{"line":25,"column":4},"end":{"line":25,"column":57}},"15":{"start":{"line":28,"column":2},"end":{"line":29,"column":37}},"16":{"start":{"line":32,"column":25},"end":{"line":34,"column":4}},"17":{"start":{"line":36,"column":2},"end":{"line":36,"column":34}}},"fnMap":{"0":{"name":"signinAdm","decl":{"start":{"line":5,"column":15},"end":{"line":5,"column":24}},"loc":{"start":{"line":5,"column":56},"end":{"line":30,"column":1}}}},"branchMap":{"0":{"loc":{"start":{"line":9,"column":2},"end":{"line":11,"column":null}},"type":"if","locations":[{"start":{"line":9,"column":2},"end":{"line":11,"column":null}}]},"1":{"loc":{"start":{"line":13,"column":2},"end":{"line":15,"column":null}},"type":"if","locations":[{"start":{"line":13,"column":2},"end":{"line":15,"column":null}}]},"2":{"loc":{"start":{"line":18,"column":2},"end":{"line":20,"column":null}},"type":"if","locations":[{"start":{"line":18,"column":2},"end":{"line":20,"column":null}}]},"3":{"loc":{"start":{"line":24,"column":2},"end":{"line":26,"column":null}},"type":"if","locations":[{"start":{"line":24,"column":2},"end":{"line":26,"column":null}}]}},"s":{"0":4,"1":4,"2":4,"3":3,"4":3,"5":1,"6":2,"7":1,"8":1,"9":1,"10":0,"11":1,"12":1,"13":1,"14":0,"15":1,"16":4,"17":4},"f":{"0":3},"b":{"0":[1],"1":[1],"2":[0],"3":[0]}}
,"/home/daivison/DRIVEN/modulo6/projeto-cardapio-virtual/back-end/tests/helpers.ts": {"path":"/home/daivison/DRIVEN/modulo6/projeto-cardapio-virtual/back-end/tests/helpers.ts","statementMap":{"0":{"start":{"line":1,"column":0},"end":{"line":1,"column":34}},"1":{"start":{"line":3,"column":0},"end":{"line":3,"column":36}},"2":{"start":{"line":4,"column":0},"end":{"line":4,"column":68}},"3":{"start":{"line":5,"column":0},"end":{"line":5,"column":63}},"4":{"start":{"line":8,"column":2},"end":{"line":8,"column":39}},"5":{"start":{"line":9,"column":2},"end":{"line":9,"column":39}},"6":{"start":{"line":10,"column":2},"end":{"line":10,"column":39}},"7":{"start":{"line":11,"column":2},"end":{"line":11,"column":38}},"8":{"start":{"line":12,"column":2},"end":{"line":12,"column":41}},"9":{"start":{"line":13,"column":2},"end":{"line":13,"column":42}},"10":{"start":{"line":7,"column":0},"end":{"line":7,"column":7}},"11":{"start":{"line":17,"column":29},"end":{"line":17,"column":69}},"12":{"start":{"line":18,"column":16},"end":{"line":18,"column":89}},"13":{"start":{"line":20,"column":2},"end":{"line":20,"column":29}},"14":{"start":{"line":22,"column":2},"end":{"line":22,"column":15}},"15":{"start":{"line":16,"column":0},"end":{"line":16,"column":7}}},"fnMap":{"0":{"name":"cleanDB","decl":{"start":{"line":7,"column":22},"end":{"line":7,"column":29}},"loc":{"start":{"line":7,"column":29},"end":{"line":14,"column":1}}},"1":{"name":"generateValidToken","decl":{"start":{"line":16,"column":22},"end":{"line":16,"column":40}},"loc":{"start":{"line":16,"column":65},"end":{"line":23,"column":1}}}},"branchMap":{"0":{"loc":{"start":{"line":17,"column":29},"end":{"line":17,"column":69}},"type":"binary-expr","locations":[{"start":{"line":17,"column":29},"end":{"line":17,"column":39}},{"start":{"line":17,"column":44},"end":{"line":17,"column":68}}]}},"s":{"0":4,"1":4,"2":4,"3":4,"4":11,"5":11,"6":11,"7":11,"8":11,"9":11,"10":4,"11":2,"12":2,"13":2,"14":2,"15":4},"f":{"0":11,"1":2},"b":{"0":[2,2]}}
,"/home/daivison/DRIVEN/modulo6/projeto-cardapio-virtual/back-end/tests/factories/categories-factories.ts": {"path":"/home/daivison/DRIVEN/modulo6/projeto-cardapio-virtual/back-end/tests/factories/categories-factories.ts","statementMap":{"0":{"start":{"line":2,"column":0},"end":{"line":2,"column":58}},"1":{"start":{"line":3,"column":0},"end":{"line":3,"column":34}},"2":{"start":{"line":4,"column":0},"end":{"line":4,"column":40}},"3":{"start":{"line":7,"column":21},"end":{"line":7,"column":45}},"4":{"start":{"line":9,"column":2},"end":{"line":15,"column":5}},"5":{"start":{"line":6,"column":0},"end":{"line":6,"column":7}}},"fnMap":{"0":{"name":"createCategories","decl":{"start":{"line":6,"column":22},"end":{"line":6,"column":38}},"loc":{"start":{"line":6,"column":38},"end":{"line":16,"column":1}}}},"branchMap":{},"s":{"0":1,"1":1,"2":1,"3":1,"4":1,"5":1},"f":{"0":1},"b":{}}
,"/home/daivison/DRIVEN/modulo6/projeto-cardapio-virtual/back-end/tests/factories/product-factories.ts": {"path":"/home/daivison/DRIVEN/modulo6/projeto-cardapio-virtual/back-end/tests/factories/product-factories.ts","statementMap":{"0":{"start":{"line":1,"column":0},"end":{"line":1,"column":34}},"1":{"start":{"line":2,"column":0},"end":{"line":2,"column":40}},"2":{"start":{"line":4,"column":0},"end":{"line":4,"column":58}},"3":{"start":{"line":7,"column":21},"end":{"line":7,"column":45}},"4":{"start":{"line":8,"column":4},"end":{"line":16,"column":null}},"5":{"start":{"line":6,"column":0},"end":{"line":6,"column":7}}},"fnMap":{"0":{"name":"createProduct","decl":{"start":{"line":6,"column":22},"end":{"line":6,"column":35}},"loc":{"start":{"line":6,"column":35},"end":{"line":17,"column":1}}}},"branchMap":{},"s":{"0":1,"1":1,"2":1,"3":1,"4":1,"5":1},"f":{"0":1},"b":{}}
,"/home/daivison/DRIVEN/modulo6/projeto-cardapio-virtual/back-end/tests/factories/restaurant-factories.ts": {"path":"/home/daivison/DRIVEN/modulo6/projeto-cardapio-virtual/back-end/tests/factories/restaurant-factories.ts","statementMap":{"0":{"start":{"line":1,"column":0},"end":{"line":1,"column":34}},"1":{"start":{"line":2,"column":0},"end":{"line":2,"column":40}},"2":{"start":{"line":7,"column":4},"end":{"line":12,"column":9}},"3":{"start":{"line":6,"column":2},"end":{"line":6,"column":9}}},"fnMap":{"0":{"name":"createRestaurant","decl":{"start":{"line":6,"column":24},"end":{"line":6,"column":40}},"loc":{"start":{"line":6,"column":40},"end":{"line":13,"column":5}}}},"branchMap":{},"s":{"0":4,"1":4,"2":7,"3":4},"f":{"0":7},"b":{}}
,"/home/daivison/DRIVEN/modulo6/projeto-cardapio-virtual/back-end/tests/factories/sessions-factories.ts": {"path":"/home/daivison/DRIVEN/modulo6/projeto-cardapio-virtual/back-end/tests/factories/sessions-factories.ts","statementMap":{"0":{"start":{"line":1,"column":0},"end":{"line":1,"column":34}},"1":{"start":{"line":2,"column":0},"end":{"line":2,"column":58}},"2":{"start":{"line":6,"column":21},"end":{"line":6,"column":45}},"3":{"start":{"line":8,"column":2},"end":{"line":13,"column":5}},"4":{"start":{"line":5,"column":0},"end":{"line":5,"column":7}}},"fnMap":{"0":{"name":"createSession","decl":{"start":{"line":5,"column":22},"end":{"line":5,"column":35}},"loc":{"start":{"line":5,"column":49},"end":{"line":14,"column":1}}}},"branchMap":{},"s":{"0":4,"1":4,"2":3,"3":3,"4":4},"f":{"0":3},"b":{}}
}
