TN:
SF:src/app.ts
FN:19,(anonymous_1)
FN:25,init
FN:30,close
FNF:3
FNH:1
FNDA:0,(anonymous_1)
FNDA:4,init
FNDA:0,close
DA:1,4
DA:2,4
DA:3,4
DA:5,4
DA:6,4
DA:8,4
DA:12,4
DA:13,4
DA:15,4
DA:16,4
DA:19,0
DA:25,4
DA:26,4
DA:27,4
DA:30,4
DA:31,0
DA:34,4
LF:17
LH:15
BRF:0
BRH:0
end_of_record
TN:
SF:src/config/database.ts
FN:4,connectDb
FN:8,disconnectDB
FNF:2
FNH:1
FNDA:4,connectDb
FNDA:0,disconnectDB
DA:1,4
DA:4,4
DA:5,4
DA:8,4
DA:9,0
LF:5
LH:4
BRF:0
BRH:0
end_of_record
TN:
SF:src/config/envs.ts
FN:4,loadEnv
FNF:1
FNH:1
FNDA:4,loadEnv
DA:1,4
DA:2,4
DA:4,4
DA:5,4
DA:6,4
DA:7,4
DA:10,4
DA:11,4
LF:8
LH:8
BRDA:6,0,0,4
BRF:1
BRH:1
end_of_record
TN:
SF:src/config/index.ts
FNF:0
FNH:0
DA:1,4
DA:2,4
LF:2
LH:2
BRF:0
BRH:0
end_of_record
TN:
SF:src/controllers/categories-controller.ts
FN:5,getCategories
FNF:1
FNH:1
FNDA:1,getCategories
DA:1,4
DA:3,4
DA:5,4
DA:6,1
DA:7,1
DA:9,1
DA:11,0
DA:12,0
LF:8
LH:6
BRF:0
BRH:0
end_of_record
TN:
SF:src/controllers/index.ts
FNF:0
FNH:0
DA:1,4
DA:2,4
DA:3,4
DA:4,4
LF:4
LH:4
BRF:0
BRH:0
end_of_record
TN:
SF:src/controllers/products-controller.ts
FN:5,getProducts
FNF:1
FNH:1
FNDA:1,getProducts
DA:1,4
DA:3,4
DA:5,4
DA:7,1
DA:8,1
DA:9,0
DA:12,1
DA:13,1
DA:15,1
DA:17,0
LF:10
LH:8
BRDA:8,0,0,0
BRF:1
BRH:0
end_of_record
TN:
SF:src/controllers/requests-controller.ts
FN:6,postRequests
FN:19,getRequests
FN:28,getByIdRequest
FN:43,putRequests
FN:60,deleteRequest
FNF:5
FNH:2
FNDA:1,postRequests
FNDA:1,getRequests
FNDA:0,getByIdRequest
FNDA:0,putRequests
FNDA:0,deleteRequest
DA:2,4
DA:3,4
DA:6,4
DA:7,1
DA:9,1
DA:10,1
DA:12,1
DA:14,0
DA:15,0
DA:19,4
DA:20,1
DA:21,1
DA:22,1
DA:24,0
DA:28,4
DA:29,0
DA:30,0
DA:31,0
DA:34,0
DA:35,0
DA:36,0
DA:37,0
DA:39,0
DA:43,4
DA:44,0
DA:45,0
DA:47,0
DA:48,0
DA:53,0
DA:55,0
DA:56,0
DA:60,4
DA:61,0
DA:63,0
DA:64,0
DA:66,0
DA:68,0
LF:37
LH:14
BRDA:30,0,0,0
BRF:1
BRH:0
end_of_record
TN:
SF:src/controllers/signinAdm-Controller.ts
FN:5,postSigninAdm
FNF:1
FNH:1
FNDA:3,postSigninAdm
DA:1,4
DA:3,4
DA:5,4
DA:6,3
DA:8,3
DA:9,3
DA:10,1
DA:13,2
DA:14,2
DA:16,0
DA:17,0
LF:11
LH:9
BRDA:13,0,0,2
BRF:1
BRH:1
end_of_record
TN:
SF:src/errors/cannot-booking-error.ts
FN:3,cannotBookingError
FNF:1
FNH:0
FNDA:0,cannotBookingError
DA:3,4
DA:4,0
LF:2
LH:1
BRF:0
BRH:0
end_of_record
TN:
SF:src/errors/cannot-enroll-before-start-date-error.ts
FN:3,cannotEnrollBeforeStartDateError
FNF:1
FNH:0
FNDA:0,cannotEnrollBeforeStartDateError
DA:3,4
DA:4,0
LF:2
LH:1
BRF:0
BRH:0
end_of_record
TN:
SF:src/errors/conflict-error.ts
FN:3,conflictError
FNF:1
FNH:1
FNDA:2,conflictError
DA:3,4
DA:4,2
LF:2
LH:2
BRF:0
BRH:0
end_of_record
TN:
SF:src/errors/index.ts
FNF:0
FNH:0
DA:1,4
DA:2,4
DA:3,4
DA:4,4
DA:5,4
DA:6,4
DA:7,4
DA:8,4
LF:8
LH:8
BRF:0
BRH:0
end_of_record
TN:
SF:src/errors/invalid-data-error.ts
FN:3,invalidDataError
FNF:1
FNH:1
FNDA:2,invalidDataError
DA:3,4
DA:4,2
LF:2
LH:2
BRF:0
BRH:0
end_of_record
TN:
SF:src/errors/invalid-email-error.ts
FN:3,invalidEmailError
FNF:1
FNH:0
FNDA:0,invalidEmailError
DA:3,4
DA:4,0
LF:2
LH:1
BRF:0
BRH:0
end_of_record
TN:
SF:src/errors/not-found-error.ts
FN:3,notFoundError
FNF:1
FNH:0
FNDA:0,notFoundError
DA:3,4
DA:4,0
LF:2
LH:1
BRF:0
BRH:0
end_of_record
TN:
SF:src/errors/request-error.ts
FN:3,requestError
FNF:1
FNH:0
FNDA:0,requestError
DA:3,4
DA:4,0
LF:2
LH:1
BRF:0
BRH:0
end_of_record
TN:
SF:src/errors/unauthorized-error.ts
FN:3,unauthorizedError
FNF:1
FNH:1
FNDA:2,unauthorizedError
DA:3,4
DA:4,2
LF:2
LH:2
BRF:0
BRH:0
end_of_record
TN:
SF:src/middlewares/authentication-middleware.ts
FN:6,authenticateToken
FN:28,generateUnauthorizedResponse
FNF:2
FNH:2
FNDA:3,authenticateToken
FNDA:2,generateUnauthorizedResponse
DA:2,4
DA:3,4
DA:4,4
DA:6,4
DA:7,3
DA:8,3
DA:10,2
DA:11,2
DA:13,1
DA:15,1
DA:20,1
DA:22,1
DA:24,0
DA:29,2
LF:14
LH:13
BRDA:8,0,0,1
BRDA:11,1,0,1
BRDA:20,2,0,0
BRF:3
BRH:2
end_of_record
TN:
SF:src/middlewares/index.ts
FNF:0
FNH:0
DA:1,4
DA:2,4
LF:2
LH:2
BRF:0
BRH:0
end_of_record
TN:
SF:src/middlewares/validation-middleware.ts
FN:6,validateBody
FN:10,validateParams
FN:14,validate
FN:15,(anonymous_4)
FN:23,(anonymous_5)
FNF:5
FNH:4
FNDA:8,validateBody
FNDA:0,validateParams
FNDA:8,validate
FNDA:6,(anonymous_4)
FNDA:7,(anonymous_5)
DA:1,4
DA:3,4
DA:6,4
DA:7,8
DA:10,4
DA:11,0
DA:15,8
DA:16,6
DA:20,6
DA:21,4
DA:23,7
LF:11
LH:10
BRDA:20,0,0,4
BRDA:20,0,1,2
BRF:2
BRH:2
end_of_record
TN:
SF:src/repositories/categories-repository/index.ts
FN:5,getCategories
FNF:1
FNH:1
FNDA:1,getCategories
DA:1,4
DA:5,4
DA:6,1
DA:9,4
DA:12,4
LF:5
LH:5
BRF:0
BRH:0
end_of_record
TN:
SF:src/repositories/products-repository/index.ts
FN:3,getproducts
FNF:1
FNH:1
FNDA:1,getproducts
DA:1,4
DA:3,4
DA:4,1
DA:11,4
DA:14,4
LF:5
LH:5
BRF:0
BRH:0
end_of_record
TN:
SF:src/repositories/requests-repository/index.ts
FN:4,postRequests
FN:12,getRequests
FN:16,getByIdRequest
FN:24,putRequests
FN:35,deleteRequest
FNF:5
FNH:2
FNDA:1,postRequests
FNDA:1,getRequests
FNDA:0,getByIdRequest
FNDA:0,putRequests
FNDA:0,deleteRequest
DA:1,4
DA:5,1
DA:12,4
DA:13,1
DA:16,4
DA:17,0
DA:25,0
DA:36,0
DA:45,4
DA:52,4
LF:10
LH:7
BRF:0
BRH:0
end_of_record
TN:
SF:src/repositories/signinAdmRepository/index.ts
FN:3,findRestaurant
FN:14,createSession
FN:23,existSession
FNF:3
FNH:3
FNDA:3,findRestaurant
FNDA:1,createSession
FNDA:1,existSession
DA:1,4
DA:5,3
DA:11,3
DA:15,1
DA:24,1
DA:31,4
DA:37,4
LF:7
LH:7
BRF:0
BRH:0
end_of_record
TN:
SF:src/routers/categoriesRouter.ts
FNF:0
FNH:0
DA:1,4
DA:3,4
DA:5,4
DA:7,4
DA:10,4
LF:5
LH:5
BRF:0
BRH:0
end_of_record
TN:
SF:src/routers/index.ts
FNF:0
FNH:0
DA:1,4
DA:2,4
DA:3,4
DA:4,4
LF:4
LH:4
BRF:0
BRH:0
end_of_record
TN:
SF:src/routers/productsRouter.ts
FNF:0
FNH:0
DA:1,4
DA:3,4
DA:5,4
DA:7,4
DA:10,4
LF:5
LH:5
BRF:0
BRH:0
end_of_record
TN:
SF:src/routers/requestsRouter.ts
FNF:0
FNH:0
DA:1,4
DA:2,4
DA:3,4
DA:4,4
DA:6,4
DA:8,4
DA:16,4
LF:7
LH:7
BRF:0
BRH:0
end_of_record
TN:
SF:src/routers/signinAdmRouter.ts
FNF:0
FNH:0
DA:1,4
DA:2,4
DA:3,4
DA:4,4
DA:6,4
DA:8,4
DA:11,4
LF:7
LH:7
BRF:0
BRH:0
end_of_record
TN:
SF:src/schemas/postRequestSchema.ts
FNF:0
FNH:0
DA:1,4
DA:3,4
LF:2
LH:2
BRF:0
BRH:0
end_of_record
TN:
SF:src/schemas/postSigninAdmSchema.ts
FNF:0
FNH:0
DA:1,4
DA:3,4
DA:8,4
LF:3
LH:3
BRF:0
BRH:0
end_of_record
TN:
SF:src/services/categories-service/index.ts
FN:5,getCategories
FNF:1
FNH:1
FNDA:1,getCategories
DA:2,4
DA:3,4
DA:6,1
DA:8,1
DA:9,0
DA:11,1
DA:14,4
DA:18,4
LF:8
LH:7
BRDA:8,0,0,0
BRF:1
BRH:0
end_of_record
TN:
SF:src/services/products-service/index.ts
FN:4,getProducts
FNF:1
FNH:1
FNDA:1,getProducts
DA:1,4
DA:2,4
DA:5,1
DA:7,1
DA:8,0
DA:10,1
DA:13,4
DA:17,4
LF:8
LH:7
BRDA:7,0,0,0
BRF:1
BRH:0
end_of_record
TN:
SF:src/services/requests-service/index.ts
FN:5,postRequests
FN:10,getRequests
FN:18,getByIdRequest
FN:24,putRequests
FN:30,deleteRequest
FNF:5
FNH:2
FNDA:1,postRequests
FNDA:1,getRequests
FNDA:0,getByIdRequest
FNDA:0,putRequests
FNDA:0,deleteRequest
DA:1,4
DA:3,4
DA:6,1
DA:7,1
DA:11,1
DA:12,1
DA:13,0
DA:15,1
DA:19,0
DA:21,0
DA:25,0
DA:27,0
DA:31,0
DA:33,0
DA:36,4
DA:44,4
LF:16
LH:9
BRDA:12,0,0,0
BRF:1
BRH:0
end_of_record
TN:
SF:src/services/signinAdm-service/index.ts
FN:5,signinAdm
FNF:1
FNH:1
FNDA:3,signinAdm
DA:1,4
DA:2,4
DA:3,4
DA:7,3
DA:9,3
DA:10,1
DA:13,2
DA:14,1
DA:17,1
DA:18,1
DA:19,0
DA:22,1
DA:23,1
DA:24,1
DA:25,0
DA:28,1
DA:32,4
DA:36,4
LF:18
LH:16
BRDA:9,0,0,1
BRDA:13,1,0,1
BRDA:18,2,0,0
BRDA:24,3,0,0
BRF:4
BRH:2
end_of_record
TN:
SF:tests/helpers.ts
FN:7,cleanDB
FN:16,generateValidToken
FNF:2
FNH:2
FNDA:11,cleanDB
FNDA:2,generateValidToken
DA:1,4
DA:3,4
DA:4,4
DA:5,4
DA:7,4
DA:8,11
DA:9,11
DA:10,11
DA:11,11
DA:12,11
DA:13,11
DA:16,4
DA:17,2
DA:18,2
DA:20,2
DA:22,2
LF:16
LH:16
BRDA:17,0,0,2
BRDA:17,0,1,2
BRF:2
BRH:2
end_of_record
TN:
SF:tests/factories/categories-factories.ts
FN:6,createCategories
FNF:1
FNH:1
FNDA:1,createCategories
DA:2,1
DA:3,1
DA:4,1
DA:6,1
DA:7,1
DA:9,1
LF:6
LH:6
BRF:0
BRH:0
end_of_record
TN:
SF:tests/factories/product-factories.ts
FN:6,createProduct
FNF:1
FNH:1
FNDA:1,createProduct
DA:1,1
DA:2,1
DA:4,1
DA:6,1
DA:7,1
DA:8,1
LF:6
LH:6
BRF:0
BRH:0
end_of_record
TN:
SF:tests/factories/restaurant-factories.ts
FN:6,createRestaurant
FNF:1
FNH:1
FNDA:7,createRestaurant
DA:1,4
DA:2,4
DA:6,4
DA:7,7
LF:4
LH:4
BRF:0
BRH:0
end_of_record
TN:
SF:tests/factories/sessions-factories.ts
FN:5,createSession
FNF:1
FNH:1
FNDA:3,createSession
DA:1,4
DA:2,4
DA:5,4
DA:6,3
DA:8,3
LF:5
LH:5
BRF:0
BRH:0
end_of_record
